--------------------------------------------------------------------------------
Symbol and Schematic Translator for Designer 
Release: X-ENTP VX.2.4
Install Id: 1845723
Copyright 2019 Mentor Graphics Corporation.  All Rights Reserved. Mentor Graphics Corporation
Translation start: 7/8/2019 4:16:44 PM
Input file: C:\PROJECTS\BAROM\PCB\PANEL.SchDoc
File type: (3,1) Protel for Windows - Schematic Capture Binary File Version 5.0
[W] Graphical image translation is not supported: Sheet 'PANEL' at 1446, 897
[W] Graphical image translation is not supported: Sheet 'PANEL' at 1425, 899
Output path: C:\PROJECTS\BAROM\MENTOR_PCB\ISO_AMP
[I] Successfully loaded property definition file: '\\cz09w1021.honeywell.com\Projects\ProUpdate\FromMN10\ECAD\DxD\gdxdlib-DMS-ACS\CentLib.prp'
[W] Component property 'Part Number' value forces base part change: component DD1 on schema PANEL.PANEL, base part 'STM32F100C8T6B' changed to 'Part Number'
[W] Component property 'Part Number' value forces base part change: component C13 on schema PANEL.PANEL, base part 'Cap_0805' changed to '08055C101KAT2A'
[E] Component property 'Part Number' value doesn't match base part name, Output part name conflict: component XP4 on schema PANEL.PANEL , part 'Part Number' 
[W] Component property 'Part Number' value forces base part change: component R16 on schema PANEL.PANEL, base part 'Res_0805' changed to 'CRCW080510K0JNTA'
[W] Component property 'Part Number' value forces base part change: component R20 on schema PANEL.PANEL, base part 'Res_0805' changed to 'CRCW080510R0FKEA'
[W] Component property 'Part Number' value forces base part change: component C4 on schema PANEL.PANEL, base part 'Cap_0805' changed to '0805YC475KAT2A'
[W] Component property 'Part Number' value forces base part change: component C3 on schema PANEL.PANEL, base part 'Cap_0805' changed to '08055C103JAT2A'
[W] Component property 'Part Number' value forces base part change: component R18 on schema PANEL.PANEL, base part 'Res_0805' changed to 'CRCW08055K00JNTA'
[W] Component property 'Part Number' value forces base part change: component R29 on schema PANEL.PANEL, base part 'Res_0805' changed to 'CRCW080510K0JNTA'
[W] Component property 'Part Number' value forces base part change: component C2 on schema PANEL.PANEL, base part 'Cap_0805' changed to '08051A200JAT2A'
[W] Component property 'Part Number' value forces base part change: component C1 on schema PANEL.PANEL, base part 'Cap_0805' changed to '08051A200JAT2A'
[W] Component property 'Part Number' value forces base part change: component R25 on schema PANEL.PANEL, base part 'Res_0805' changed to 'CRCW080510K0JNTA'
[W] Component property 'Part Number' value forces base part change: component R26 on schema PANEL.PANEL, base part 'Res_0805' changed to 'CRCW080510K0JNTA'
[W] Component property 'Part Number' value forces base part change: component R30 on schema PANEL.PANEL, base part 'Res_0805' changed to 'CRCW080510K0JNTA'
[W] Component property 'Part Number' value forces base part change: component R31 on schema PANEL.PANEL, base part 'Res_0805' changed to 'CRCW080510K0JNTA'
[W] Component property 'Part Number' value forces base part change: component C10 on schema PANEL.PANEL, base part 'Cap_0805' changed to '0805YC475KAT2A'
[W] Component property 'Part Number' value forces base part change: component C12 on schema PANEL.PANEL, base part 'Cap_0805' changed to '0805YC475KAT2A'
[W] Component property 'Part Number' value forces base part change: component C11 on schema PANEL.PANEL, base part 'Cap_0805' changed to '0805YC475KAT2A'
[W] Component property 'Part Number' value forces base part change: component R28 on schema PANEL.PANEL, base part 'Res_0805' changed to 'CRCW080510K0JNTA'
[W] Component property 'Part Number' value forces base part change: component R27 on schema PANEL.PANEL, base part 'Res_0805' changed to 'CRCW080510K0JNTA'
[W] Component property 'Part Number' value forces base part change: component VT2 on schema PANEL.PANEL, base part 'P-CHAN_SOT-23' changed to 'IRLML9303TRPBF'
[W] Component property 'Part Number' value forces base part change: component R11 on schema PANEL.PANEL, base part 'Res_0805' changed to 'CRCW080510K0JNTA'
[W] Component property 'Part Number' value forces base part change: component R5 on schema PANEL.PANEL, base part 'Res_0805' changed to 'CRCW080510K0JNTA'
[W] Component property 'Part Number' value forces base part change: component R4 on schema PANEL.PANEL, base part 'Res_0805' changed to 'CRCW080510K0JNTA'
[W] Component property 'Part Number' value forces base part change: component C9 on schema PANEL.PANEL, base part 'Cap_0805' changed to '08055C103JAT2A'
[W] Component property 'Part Number' value forces base part change: component C8 on schema PANEL.PANEL, base part 'Cap_0805' changed to '08055C103JAT2A'
[W] Component property 'Part Number' value forces base part change: component C7 on schema PANEL.PANEL, base part 'Cap_0805' changed to '08055C103JAT2A'
[W] Component property 'Part Number' value forces base part change: component C6 on schema PANEL.PANEL, base part 'Cap_0805' changed to '08055C103JAT2A'
[W] Component property 'Part Number' value forces base part change: component C5 on schema PANEL.PANEL, base part 'Cap_0805' changed to '08055C103JAT2A'
[W] Component property 'Part Number' value forces base part change: component R10 on schema PANEL.PANEL, base part 'Res_0805' changed to 'SMD 0805'
[E] Component property 'Part Number' value doesn't match base part name, Output part name conflict: component XP3 on schema PANEL.PANEL , part 'Part Number' 
[W] Component property 'Part Number' value forces base part change: component R19 on schema PANEL.PANEL, base part 'Res_0805' changed to '0805 1k'
[W] Component property 'Part Number' value forces base part change: component R14 on schema PANEL.PANEL, base part 'Res_0805' changed to '0805 1k'
[W] Component property 'Part Number' value forces base part change: component DA1 on schema PANEL.PANEL, base part 'kren' changed to 'L78L05'
[W] Component property 'Part Number' value forces base part change: component DA2 on schema PANEL.PANEL, base part 'kren' changed to 'L78L05'
[W] Component property 'Part Number' value forces base part change: component C14 on schema PANEL.PANEL, base part 'Cap_0805' changed to '0805YC475KAT2A'
[W] Component property 'Part Number' value forces base part change: component C15 on schema PANEL.PANEL, base part 'Cap_0805' changed to '0805YC475KAT2A'
[W] Component property 'Part Number' value forces base part change: component VT4 on schema PANEL.PANEL, base part 'P-CHAN_TO-252' changed to 'NVD5117PL'
[W] Component property 'Part Number' value forces base part change: component VT1 on schema PANEL.PANEL, base part 'P-CHAN_TO-252' changed to 'NVD5117PL'
[W] Component property 'Part Number' value forces base part change: component VT6 on schema PANEL.PANEL, base part 'N-CHAN_TO-252' changed to '2SK3919'
[W] Component property 'Part Number' value forces base part change: component VT7 on schema PANEL.PANEL, base part 'N-CHAN_TO-252' changed to '2SK3919'
[W] Cannot convert property value from 'Text' to 'Real' type for: 'Value' = '' on part 'TS A3PV 130'
[W] Cannot convert property value from 'Text' to 'Real' type for: 'Value' = '' on part 'BQ_HC 49S'
[W] Cannot convert property value from 'Text' to 'Real' type for: 'Value' = '' on part 'N-CHAN_TO-252'
[W] Cannot convert property value from 'Text' to 'Real' type for: 'Value' = '' on part 'P-CHAN_TO-252'
[W] Cannot convert property value from 'Text' to 'Real' type for: 'Value' = '' on part 'CONNECT_2.54_2'
[W] Cannot convert property value from 'Text' to 'Real' type for: 'Value' = '' on part 'DISP16_2.54'
[W] Cannot convert property value from 'Text' to 'Real' type for: 'Value' = '' on part 'kren'
[W] Cannot convert property value from 'Text' to 'Real' type for: 'Value' = '' on part 'WatchQ'
[W] Cannot convert property value from 'Text' to 'Real' type for: 'Value' = '' on part 'PELTIER'
[W] Cannot convert property value from 'Text' to 'Real' type for: 'Value' = '' on part 'N-CHAN_SOT-23'
[W] Cannot convert property value from 'Text' to 'Real' type for: 'Value' = '' on part 'P-CHAN_SOT-23'
[W] Cannot convert property value from 'Text' to 'Real' type for: 'Value' = '' on part 'CONNECT_2.54_5'
[W] Cannot convert property value from 'Text' to 'Real' type for: 'Value' = '' on part 'CONNECT_2.54_6_2'
[W] Cannot convert property value from 'Text' to 'Real' type for: 'Value' = 'Value' on part 'CONNECT_SWD'
[W] Cannot convert property value from 'Text' to 'Real' type for: 'Value' = 'Value' on part 'STM32F100C8T6B'
[W] Cannot convert property value from 'Text' to 'Real' type for: 'Value' = 'Value' on part 'Part Number'
[W] Cannot convert property value from 'Text' to 'Real' type for: 'Value' = '' on part 'IRLML9303TRPBF'
[W] Cannot convert property value from 'Text' to 'Real' type for: 'Value' = '' on part 'L78L05'
[W] Cannot convert property value from 'Text' to 'Real' type for: 'Value' = '' on part 'NVD5117PL'
[W] Cannot convert property value from 'Text' to 'Real' type for: 'Value' = '' on part '2SK3919'
[I] Design match library: Updated partition reference for part PANEL:STM32F100C8T6B => micro:STM32F100C8T6B
[I] Design match library: Updated partition reference for part PANEL:CRCW080510R0FKEA => res:CRCW080510R0FKEA
[I] Design match library: Updated partition reference for part PANEL:08055C103JAT2A => cap:08055C103JAT2A
[W] Part Number creation skipped because already exists in Library: 'STM32F100C8T6B'
[I] Creating new CL partition: 'micro' on '\\cz09w1021.honeywell.com\Projects\ProUpdate\FromMN10\ECAD\DxD\gdxdlib-DMS-ACS\gdxdlib-DMS-ACS.lmc'
[W] Part Number creation skipped because already exists in Library: 'CRCW080510R0FKEA'
[I] Creating new CL partition: 'res' on '\\cz09w1021.honeywell.com\Projects\ProUpdate\FromMN10\ECAD\DxD\gdxdlib-DMS-ACS\gdxdlib-DMS-ACS.lmc'
[W] Part Number creation skipped because already exists in Library: '08055C103JAT2A'
[I] Creating new CL partition: 'cap' on '\\cz09w1021.honeywell.com\Projects\ProUpdate\FromMN10\ECAD\DxD\gdxdlib-DMS-ACS\gdxdlib-DMS-ACS.lmc'
