Removed Pin From Net: NetName=NetDD1_18 Pin=DD1-18
Removed Pin From Net: NetName=NetDD1_19 Pin=DD1-19
Removed Pin From Net: NetName=NetDD1_20 Pin=DD1-20
Removed Pin From Net: NetName=NetDD1_39 Pin=DD1-39
Removed Pin From Net: NetName=NetDD1_40 Pin=DD1-40
Removed Pin From Net: NetName=NetDD1_41 Pin=DD1-41
Removed Pin From Net: NetName=NetR23_1 Pin=R23-1
Removed Pin From Net: NetName=NetR25_1 Pin=R25-1
Removed Pin From Net: NetName=NetXP4_2 Pin=XP4-2
Removed Pin From Net: NetName=NetDD1_40 Pin=XP4-4
Removed Pin From Net: NetName=NetDD1_41 Pin=XP4-6
Removed Pin From Net: NetName=NetR23_1 Pin=XP8-1
Removed Pin From Net: NetName=NetR25_1 Pin=XP8-2
Removed Pin From Net: NetName=VCC Pin=XP8-3
Removed Pin From Net: NetName=NetXP4_2 Pin=XP8-4
Removed Member From Class: ClassName=PANEL Member=C12
Removed Member From Class: ClassName=PANEL Member=R27
Removed Member From Class: ClassName=PANEL Member=XP8
Change Component Comment : Designator=C6 Old Comment=1uF New Comment=0.47uF
Change Component Comment : Designator=C10 Old Comment=1uF New Comment=0.47uF
Change Component Comment : Designator=C11 Old Comment=1uF New Comment=0.47uF
Change Component Comment : Designator=C12 Old Comment=1uF New Comment=0.47uF
Change Component Designator: OldDesignator=C6 NewDesignator=C4
Change Component Designator: OldDesignator=C7 NewDesignator=C8
Change Component Designator: OldDesignator=C10 NewDesignator=C5
Change Component Designator: OldDesignator=C11 NewDesignator=C6
Change Component Designator: OldDesignator=C12 NewDesignator=C7
Change Component Designator: OldDesignator=R1 NewDesignator=R19
Change Component Designator: OldDesignator=R2 NewDesignator=R20
Change Component Designator: OldDesignator=R3 NewDesignator=R17
Change Component Designator: OldDesignator=R4 NewDesignator=R18
Change Component Designator: OldDesignator=R5 NewDesignator=R15
Change Component Designator: OldDesignator=R6 NewDesignator=R10
Change Component Designator: OldDesignator=R7 NewDesignator=R13
Change Component Designator: OldDesignator=R8 NewDesignator=R16
Change Component Designator: OldDesignator=R9 NewDesignator=R7
Change Component Designator: OldDesignator=R10 NewDesignator=R2
Change Component Designator: OldDesignator=R11 NewDesignator=R3
Change Component Designator: OldDesignator=R12 NewDesignator=R4
Change Component Designator: OldDesignator=R13 NewDesignator=R14
Change Component Designator: OldDesignator=R14 NewDesignator=R6
Change Component Designator: OldDesignator=R15 NewDesignator=R23
Change Component Designator: OldDesignator=R20 NewDesignator=R5
Change Component Designator: OldDesignator=R21 NewDesignator=R24
Change Component Designator: OldDesignator=R22 NewDesignator=R25
Change Component Designator: OldDesignator=R23 NewDesignator=R11
Change Component Designator: OldDesignator=R24 NewDesignator=R22
Change Component Designator: OldDesignator=R25 NewDesignator=R12
Change Component Designator: OldDesignator=R27 NewDesignator=R21
Change Component Designator: OldDesignator=XP1 NewDesignator=XP5
Change Component Designator: OldDesignator=XP2 NewDesignator=XP4
Change Component Designator: OldDesignator=XP3 NewDesignator=XP2
Change Component Designator: OldDesignator=XP4 NewDesignator=XP1
Change Component Designator: OldDesignator=XP8 NewDesignator=XP3
Added Component: Designator=R1(Res_0805)
Added Component: Designator=R8(Res_0805)
Added Component: Designator=R9(Res_0805)
Added Component: Designator=VT1(SOT-23)
Added Pin To Net: NetName=NetDD1_18 Pin=DD1-25
Added Pin To Net: NetName=NetDD1_19 Pin=DD1-26
Added Pin To Net: NetName=NetDD1_20 Pin=DD1-27
Added Pin To Net: NetName=NetDD1_39 Pin=DD1-28
Added Pin To Net: NetName=NetDD1_40 Pin=DD1-33
Added Pin To Net: NetName=NetDD1_41 Pin=DD1-45
Added Pin To Net: NetName=NetR23_1 Pin=DD1-46
Added Pin To Net: NetName=NetR25_1 Pin=R1-1
Added Pin To Net: NetName=NetXP4_2 Pin=R1-2
Added Pin To Net: NetName=NetDD1_40 Pin=R9-1
Added Pin To Net: NetName=NetR25_1 Pin=VT1-3
Added Pin To Net: NetName=NetDD1_41 Pin=XP1-4
Added Pin To Net: NetName=NetR23_1 Pin=XP1-6
Added Pin To Net: NetName=NetXP4_2 Pin=XP1-15
Added Pin To Net: NetName=VCC Pin=XP3-1
Change Net Name : Old Net Name=NetC7_2 New Net Name=NetC8_2
Change Net Name : Old Net Name=NetDD1_18 New Net Name=NetDD1_25
Change Net Name : Old Net Name=NetDD1_19 New Net Name=NetDD1_26
Change Net Name : Old Net Name=NetDD1_20 New Net Name=NetDD1_27
Change Net Name : Old Net Name=NetDD1_39 New Net Name=NetDD1_28
Change Net Name : Old Net Name=NetDD1_40 New Net Name=NetDD1_33
Change Net Name : Old Net Name=NetDD1_41 New Net Name=NetDD1_45
Change Net Name : Old Net Name=NetR1_1 New Net Name=NetR16_1
Change Net Name : Old Net Name=NetR2_1 New Net Name=NetR18_1
Change Net Name : Old Net Name=NetR3_1 New Net Name=NetR17_1
Change Net Name : Old Net Name=NetR5_1 New Net Name=NetR15_1
Change Net Name : Old Net Name=NetR9_2 New Net Name=NetR7_2
Change Net Name : Old Net Name=NetR10_2 New Net Name=NetR2_2
Change Net Name : Old Net Name=NetR11_2 New Net Name=NetR3_2
Change Net Name : Old Net Name=NetR12_2 New Net Name=NetR4_2
Change Net Name : Old Net Name=NetR14_2 New Net Name=NetR6_2
Change Net Name : Old Net Name=NetR15_1 New Net Name=NetR23_1
Change Net Name : Old Net Name=NetR20_2 New Net Name=NetR5_2
Change Net Name : Old Net Name=NetR23_1 New Net Name=NetDD1_46
Change Net Name : Old Net Name=NetR24_1 New Net Name=NetR22_1
Change Net Name : Old Net Name=NetR25_1 New Net Name=NetR1_1
Change Net Name : Old Net Name=NetR27_1 New Net Name=NetR21_1
Change Net Name : Old Net Name=NetXP4_2 New Net Name=NetR1_2
Added Pin To Net: NetName=NetR8_1 Pin=R8-1
Added Pin To Net: NetName=NetR8_1 Pin=VT1-2
Added Pin To Net: NetName=NetR8_1 Pin=XP1-2
Added Pin To Net: NetName=NetR8_1 Pin=XP3-2
Added Net: Name=NetR8_1
Added Pin To Net: NetName=NetR8_2 Pin=R8-2
Added Pin To Net: NetName=NetR8_2 Pin=R9-2
Added Pin To Net: NetName=NetR8_2 Pin=VT1-1
Added Net: Name=NetR8_2
Added Pin To Net: NetName=NetR11_1 Pin=R11-1
Added Pin To Net: NetName=NetR11_1 Pin=XP3-4
Added Net: Name=NetR11_1
Added Pin To Net: NetName=NetR12_1 Pin=R12-1
Added Pin To Net: NetName=NetR12_1 Pin=XP3-3
Added Net: Name=NetR12_1
Added Member To Class: ClassName=PANEL Member=Component C8 100
Added Member To Class: ClassName=PANEL Member=Component R16 100
Added Member To Class: ClassName=PANEL Member=Component R17 100
Added Member To Class: ClassName=PANEL Member=Component R18 100
Added Member To Class: ClassName=PANEL Member=Component R19 10k
Added Member To Class: ClassName=PANEL Member=Component VT1 IRLML9303
Added Member To Class: ClassName=PANEL Member=Component XP5 CONNECT_2.54_6_2
