Added Component: Designator=R1(Res_0805)
Added Component: Designator=R2(Res_0805)
Added Component: Designator=R3(Res_0805)
Added Component: Designator=R4(Res_0805)
Added Component: Designator=R5(Res_0805)
Added Component: Designator=R8(Res_0805)
Added Component: Designator=R9(Res_0805)
Added Component: Designator=R10(Res_0805)
Added Component: Designator=R11(Res_0805)
Added Component: Designator=R12(Res_0805)
Added Component: Designator=R14(Res_0805)
Added Component: Designator=R20(Res_0805)
Added Component: Designator=XP4(DISP16_1.27)
Added Pin To Net: NetName=VCC Pin=R1-2
Added Pin To Net: NetName=VCC Pin=R2-2
Added Pin To Net: NetName=NetDD1_42 Pin=R3-2
Added Pin To Net: NetName=NetDD1_43 Pin=R4-2
Added Pin To Net: NetName=NetDD1_21 Pin=R5-2
Added Pin To Net: NetName=NetDD1_22 Pin=R8-2
Added Pin To Net: NetName=GND Pin=R10-1
Added Pin To Net: NetName=GND Pin=R11-1
Added Pin To Net: NetName=GND Pin=R12-1
Added Pin To Net: NetName=GND Pin=R14-1
Added Pin To Net: NetName=GND Pin=R20-1
Added Pin To Net: NetName=VCC Pin=XP1-1
Added Pin To Net: NetName=GND Pin=XP1-6
Added Pin To Net: NetName=VCC Pin=XP2-1
Added Pin To Net: NetName=GND Pin=XP2-6
Added Pin To Net: NetName=GND Pin=XP4-1
Added Pin To Net: NetName=NetDD1_14 Pin=DD1-14
Added Pin To Net: NetName=NetDD1_14 Pin=R9-1
Added Net: Name=NetDD1_14
Added Pin To Net: NetName=NetDD1_18 Pin=DD1-18
Added Pin To Net: NetName=NetDD1_18 Pin=XP4-11
Added Net: Name=NetDD1_18
Added Pin To Net: NetName=NetDD1_19 Pin=DD1-19
Added Pin To Net: NetName=NetDD1_19 Pin=XP4-12
Added Net: Name=NetDD1_19
Added Pin To Net: NetName=NetDD1_20 Pin=DD1-20
Added Pin To Net: NetName=NetDD1_20 Pin=XP4-13
Added Net: Name=NetDD1_20
Added Pin To Net: NetName=NetDD1_39 Pin=DD1-39
Added Pin To Net: NetName=NetDD1_39 Pin=XP4-14
Added Net: Name=NetDD1_39
Added Pin To Net: NetName=NetDD1_40 Pin=DD1-40
Added Pin To Net: NetName=NetDD1_40 Pin=XP4-4
Added Net: Name=NetDD1_40
Added Pin To Net: NetName=NetDD1_41 Pin=DD1-41
Added Pin To Net: NetName=NetDD1_41 Pin=XP4-6
Added Net: Name=NetDD1_41
Added Pin To Net: NetName=NetR1_1 Pin=R1-1
Added Pin To Net: NetName=NetR1_1 Pin=R8-1
Added Pin To Net: NetName=NetR1_1 Pin=XP2-3
Added Net: Name=NetR1_1
Added Pin To Net: NetName=NetR2_1 Pin=R2-1
Added Pin To Net: NetName=NetR2_1 Pin=R4-1
Added Pin To Net: NetName=NetR2_1 Pin=XP1-3
Added Net: Name=NetR2_1
Added Pin To Net: NetName=NetR3_1 Pin=R3-1
Added Pin To Net: NetName=NetR3_1 Pin=XP1-2
Added Net: Name=NetR3_1
Added Pin To Net: NetName=NetR5_1 Pin=R5-1
Added Pin To Net: NetName=NetR5_1 Pin=XP2-2
Added Net: Name=NetR5_1
Added Pin To Net: NetName=NetR9_2 Pin=R9-2
Added Pin To Net: NetName=NetR9_2 Pin=XP4-3
Added Net: Name=NetR9_2
Added Pin To Net: NetName=NetR10_2 Pin=R10-2
Added Pin To Net: NetName=NetR10_2 Pin=XP4-5
Added Net: Name=NetR10_2
Added Pin To Net: NetName=NetR11_2 Pin=R11-2
Added Pin To Net: NetName=NetR11_2 Pin=XP4-7
Added Net: Name=NetR11_2
Added Pin To Net: NetName=NetR12_2 Pin=R12-2
Added Pin To Net: NetName=NetR12_2 Pin=XP4-8
Added Net: Name=NetR12_2
Added Pin To Net: NetName=NetR14_2 Pin=R14-2
Added Pin To Net: NetName=NetR14_2 Pin=XP4-10
Added Net: Name=NetR14_2
Added Pin To Net: NetName=NetR20_2 Pin=R20-2
Added Pin To Net: NetName=NetR20_2 Pin=XP4-9
Added Net: Name=NetR20_2
Added Pin To Net: NetName=NetXP4_2 Pin=XP4-2
Added Net: Name=NetXP4_2
Added Member To Class: ClassName=PANEL Member=Component R1 10k
Added Member To Class: ClassName=PANEL Member=Component R2 10k
Added Member To Class: ClassName=PANEL Member=Component R3 100
Added Member To Class: ClassName=PANEL Member=Component R4 100
Added Member To Class: ClassName=PANEL Member=Component R5 100
Added Member To Class: ClassName=PANEL Member=Component R8 100
Added Member To Class: ClassName=PANEL Member=Component R9 1k
Added Member To Class: ClassName=PANEL Member=Component R10 1k
Added Member To Class: ClassName=PANEL Member=Component R11 1k
Added Member To Class: ClassName=PANEL Member=Component R12 1k
Added Member To Class: ClassName=PANEL Member=Component R14 1k
Added Member To Class: ClassName=PANEL Member=Component R20 1k
Added Member To Class: ClassName=PANEL Member=Component XP4 DISP16_1.27
