Added Component: Designator=BQ1(HC 49SM)
Added Component: Designator=C1(Cap_0805)
Added Component: Designator=C2(Cap_0805)
Added Component: Designator=C3(Cap_0805)
Added Component: Designator=C6(Cap_0805)
Added Component: Designator=C7(Cap_0805)
Added Component: Designator=DD1(LQFP48)
Added Component: Designator=R6(Res_0805)
Added Component: Designator=R7(Res_0805)
Added Component: Designator=R13(Res_0805)
Added Component: Designator=R15(Res_0805)
Added Component: Designator=XP1(CONN_2.54_6_2)
Added Component: Designator=XP2(CONN_2.54_6_2)
Added Component: Designator=XP3(CONN_2.54_4)
Added Pin To Net: NetName=NetBQ1_1 Pin=BQ1-1
Added Pin To Net: NetName=NetBQ1_2 Pin=BQ1-2
Added Pin To Net: NetName=GND Pin=C1-1
Added Pin To Net: NetName=NetBQ1_1 Pin=C1-2
Added Pin To Net: NetName=GND Pin=C2-1
Added Pin To Net: NetName=NetBQ1_2 Pin=C2-2
Added Pin To Net: NetName=GND Pin=C3-1
Added Pin To Net: NetName=+5V Pin=C3-2
Added Pin To Net: NetName=GND Pin=C6-1
Added Pin To Net: NetName=VCC Pin=C6-2
Added Pin To Net: NetName=GND Pin=C7-1
Added Pin To Net: NetName=NetC7_2 Pin=C7-2
Added Pin To Net: NetName=NetDD1_1 Pin=DD1-1
Added Pin To Net: NetName=NetBQ1_2 Pin=DD1-5
Added Pin To Net: NetName=NetBQ1_1 Pin=DD1-6
Added Pin To Net: NetName=+5V Pin=DD1-7
Added Pin To Net: NetName=GND Pin=DD1-8
Added Pin To Net: NetName=VCC Pin=DD1-9
Added Pin To Net: NetName=NetDD1_21 Pin=DD1-21
Added Pin To Net: NetName=NetDD1_22 Pin=DD1-22
Added Pin To Net: NetName=GND Pin=DD1-23
Added Pin To Net: NetName=VCC Pin=DD1-24
Added Pin To Net: NetName=NetDD1_34 Pin=DD1-34
Added Pin To Net: NetName=GND Pin=DD1-35
Added Pin To Net: NetName=VCC Pin=DD1-36
Added Pin To Net: NetName=NetC7_2 Pin=DD1-37
Added Pin To Net: NetName=DATA0 Pin=DD1-42
Added Pin To Net: NetName=DATA1 Pin=DD1-43
Added Pin To Net: NetName=NetDD1_44 Pin=DD1-44
Added Pin To Net: NetName=GND Pin=DD1-47
Added Pin To Net: NetName=VCC Pin=DD1-48
Added Pin To Net: NetName=NetDD1_44 Pin=R6-1
Added Pin To Net: NetName=GND Pin=R6-2
Added Pin To Net: NetName=+5V Pin=R7-1
Added Pin To Net: NetName=VCC Pin=R7-2
Added Pin To Net: NetName=NetDD1_1 Pin=R13-1
Added Pin To Net: NetName=VCC Pin=R13-2
Added Pin To Net: NetName=NetR15_1 Pin=R15-1
Added Pin To Net: NetName=VCC Pin=R15-2
Added Pin To Net: NetName=NetR15_1 Pin=XP3-1
Added Pin To Net: NetName=NetC7_2 Pin=XP3-2
Added Pin To Net: NetName=GND Pin=XP3-3
Added Pin To Net: NetName=NetDD1_34 Pin=XP3-4
Change Net Name : Old Net Name=+5V New Net Name=NetC3_2
Change Net Name : Old Net Name=DATA0 New Net Name=NetDD1_42
Change Net Name : Old Net Name=DATA1 New Net Name=NetDD1_43
Added Member To Class: ClassName=PANEL Member=Component BQ1 8,000M
Added Member To Class: ClassName=PANEL Member=Component C1 20
Added Member To Class: ClassName=PANEL Member=Component C2 20
Added Member To Class: ClassName=PANEL Member=Component C3 0,01uF
Added Member To Class: ClassName=PANEL Member=Component C6 1uF
Added Member To Class: ClassName=PANEL Member=Component C7 100
Added Member To Class: ClassName=PANEL Member=Component DD1 STM32F100C8T6B
Added Member To Class: ClassName=PANEL Member=Component R6 10k
Added Member To Class: ClassName=PANEL Member=Component R7 51k
Added Member To Class: ClassName=PANEL Member=Component R13 10
Added Member To Class: ClassName=PANEL Member=Component R15 10k
Added Member To Class: ClassName=PANEL Member=Component XP1 CONNECT_2.54_6_2
Added Member To Class: ClassName=PANEL Member=Component XP2 CONNECT_2.54_6_2
Added Member To Class: ClassName=PANEL Member=Component XP3 SWD
Added Room: Name=PANEL
