Change Component Designator: OldDesignator=C5 NewDesignator=C7
Change Component Designator: OldDesignator=C6 NewDesignator=C8
Change Component Designator: OldDesignator=C7 NewDesignator=C9
Change Component Designator: OldDesignator=C8 NewDesignator=C5
Change Component Designator: OldDesignator=C9 NewDesignator=C6
Change Component Designator: OldDesignator=R13 NewDesignator=R8
Change Component Designator: OldDesignator=R14 NewDesignator=R9
Change Component Designator: OldDesignator=R15 NewDesignator=R10
Change Component Designator: OldDesignator=R16 NewDesignator=R11
Change Component Designator: OldDesignator=R18 NewDesignator=R12
Change Component Designator: OldDesignator=R19 NewDesignator=R13
Change Component Designator: OldDesignator=R24 NewDesignator=R14
Change Component Designator: OldDesignator=R25 NewDesignator=R15
Change Component Designator: OldDesignator=R26 NewDesignator=R16
Change Component Designator: OldDesignator=R27 NewDesignator=R17
Change Component Designator: OldDesignator=R28 NewDesignator=R18
Change Component Designator: OldDesignator=R29 NewDesignator=R19
Change Component Designator: OldDesignator=R30 NewDesignator=R20
Change Component Designator: OldDesignator=R31 NewDesignator=R21
Change Component Designator: OldDesignator=R32 NewDesignator=R22
Change Component Designator: OldDesignator=R33 NewDesignator=R23
Change Component Designator: OldDesignator=R34 NewDesignator=R24
Change Component Designator: OldDesignator=R35 NewDesignator=R25
Change Component Designator: OldDesignator=R36 NewDesignator=R26
Change Component Designator: OldDesignator=R37 NewDesignator=R27
Change Component Designator: OldDesignator=R38 NewDesignator=R28
Change Component Designator: OldDesignator=R39 NewDesignator=R29
Change Component Designator: OldDesignator=R40 NewDesignator=R30
Change Component Designator: OldDesignator=R41 NewDesignator=R31
Change Component Designator: OldDesignator=SB1 NewDesignator=SB2
Change Component Designator: OldDesignator=SB2 NewDesignator=SB3
Change Component Designator: OldDesignator=SB3 NewDesignator=SB1
Added Pin To Net: NetName=VCC Pin=C10-2
Change Net Name : Old Net Name=NetC5_1 New Net Name=NetC7_1
Change Net Name : Old Net Name=NetC6_1 New Net Name=NetC8_1
Change Net Name : Old Net Name=NetC7_1 New Net Name=NetC9_1
Change Net Name : Old Net Name=NetC8_1 New Net Name=NetC5_1
Change Net Name : Old Net Name=NetC9_1 New Net Name=NetC6_1
Change Net Name : Old Net Name=NetR13_2 New Net Name=NetR8_2
Change Net Name : Old Net Name=NetR15_2 New Net Name=NetR10_2
Change Net Name : Old Net Name=NetR18_1 New Net Name=NetR12_1
Change Net Name : Old Net Name=NetR25_1 New Net Name=NetR15_1
Change Net Name : Old Net Name=NetR27_1 New Net Name=NetR17_1
Change Net Name : Old Net Name=NetR31_1 New Net Name=NetR21_1
Change Net Name : Old Net Name=NetR32_1 New Net Name=NetR22_1
Change Net Name : Old Net Name=NetR33_1 New Net Name=NetR23_1
Change Net Name : Old Net Name=NetR34_1 New Net Name=NetR24_1
Change Net Name : Old Net Name=NetR37_1 New Net Name=NetR27_1
Change Net Name : Old Net Name=NetR38_1 New Net Name=NetR28_1
Change Net Name : Old Net Name=NetR39_1 New Net Name=NetR29_1
