Removed Pin From Net: NetName=NetR14_1 Pin=R14-1
Removed Pin From Net: NetName=NetC14_2 Pin=R16-1
Removed Pin From Net: NetName=NetDD1_13 Pin=R17-1
Removed Pin From Net: NetName=NetR14_1 Pin=R17-2
Removed Pin From Net: NetName=NetDD1_12 Pin=R20-1
Removed Pin From Net: NetName=NetDD1_11 Pin=R22-1
Removed Pin From Net: NetName=NetDD1_10 Pin=R23-2
Removed Pin From Net: NetName=GND Pin=R24-2
Removed Pin From Net: NetName=GND Pin=R29-1
Removed Pin From Net: NetName=NetC14_2 Pin=VT2-2
Removed Pin From Net: NetName=NetR14_1 Pin=VT3-1
Removed Pin From Net: NetName=NetC14_2 Pin=XP1-2
Removed Member From Class: ClassName=PANEL Member=R17
Removed Member From Class: ClassName=PANEL Member=R20
Removed Member From Class: ClassName=PANEL Member=R22
Removed Member From Class: ClassName=PANEL Member=R23
Added Pin To Net: NetName=NetDD1_13 Pin=R14-1
Added Pin To Net: NetName=NetR14_1 Pin=R16-1
Added Pin To Net: NetName=NetDD1_12 Pin=R19-2
Added Pin To Net: NetName=NetDD1_11 Pin=R24-1
Added Pin To Net: NetName=NetR14_1 Pin=R24-2
Added Pin To Net: NetName=NetR14_1 Pin=R29-1
Added Pin To Net: NetName=NetDD1_10 Pin=R29-2
Added Pin To Net: NetName=NetR14_1 Pin=VT2-2
Added Pin To Net: NetName=NetDD1_13 Pin=VT3-1
Added Pin To Net: NetName=NetDD1_12 Pin=VT5-1
Added Pin To Net: NetName=NetDD1_11 Pin=VT6-1
Added Pin To Net: NetName=NetDD1_10 Pin=VT7-1
Added Pin To Net: NetName=NetR14_1 Pin=XP1-2
Change Net Name : Old Net Name=NetR14_1 New Net Name=5V
