Removed Pin From Net: NetName=NetDD1_16 Pin=R21-2
Removed Pin From Net: NetName=NetDD1_17 Pin=R22-2
Removed Pin From Net: NetName=GND Pin=XP4-5
Removed Pin From Net: NetName=GND Pin=XP5-5
Change Component Designator: OldDesignator=R21 NewDesignator=R22
Change Component Designator: OldDesignator=R22 NewDesignator=R21
Change Component Designator: OldDesignator=R23 NewDesignator=R24
Change Component Designator: OldDesignator=R24 NewDesignator=R26
Change Component Designator: OldDesignator=R25 NewDesignator=R27
Added Component: Designator=R23(Res_0805)
Added Component: Designator=R25(Res_0805)
Added Pin To Net: NetName=NetDD1_17 Pin=R22-2
Added Pin To Net: NetName=NetDD1_16 Pin=R25-2
Change Net Name : Old Net Name=NetR21_1 New Net Name=NetR22_1
Change Net Name : Old Net Name=NetR22_1 New Net Name=NetR21_1
Change Net Name : Old Net Name=NetR23_1 New Net Name=NetR24_1
Added Pin To Net: NetName=NetDD1_15 Pin=DD1-15
Added Pin To Net: NetName=NetDD1_15 Pin=R21-2
Added Net: Name=NetDD1_15
Added Pin To Net: NetName=NetDD1_29 Pin=DD1-29
Added Pin To Net: NetName=NetDD1_29 Pin=R23-2
Added Net: Name=NetDD1_29
Added Pin To Net: NetName=NetR23_1 Pin=R23-1
Added Pin To Net: NetName=NetR23_1 Pin=XP4-5
Added Net: Name=NetR23_1
Added Pin To Net: NetName=NetR25_1 Pin=R25-1
Added Pin To Net: NetName=NetR25_1 Pin=XP5-5
Added Net: Name=NetR25_1
Added Member To Class: ClassName=PANEL Member=Component R1 1k
Added Member To Class: ClassName=PANEL Member=Component R8 10k
Added Member To Class: ClassName=PANEL Member=Component R9 10k
Added Member To Class: ClassName=PANEL Member=Component R22 1k
Added Member To Class: ClassName=PANEL Member=Component R26 10k
Added Member To Class: ClassName=PANEL Member=Component R27 10k
Added Member To Class: ClassName=PANEL Member=Component XP3 CONNECT_2.54_5
