Added Component: Designator=C10(Cap_0805)
Added Component: Designator=C11(Cap_0805)
Added Component: Designator=C12(Cap_0805)
Added Component: Designator=R21(Res_0805)
Added Component: Designator=R22(Res_0805)
Added Component: Designator=R23(Res_0805)
Added Component: Designator=R25(Res_0805)
Added Component: Designator=XP8(CONN_2.54_5)
Added Pin To Net: NetName=GND Pin=C10-1
Added Pin To Net: NetName=GND Pin=C11-1
Added Pin To Net: NetName=VCC Pin=C11-2
Added Pin To Net: NetName=GND Pin=C12-1
Added Pin To Net: NetName=VCC Pin=C12-2
Added Pin To Net: NetName=NetR5_1 Pin=R21-1
Added Pin To Net: NetName=VCC Pin=R21-2
Added Pin To Net: NetName=NetR3_1 Pin=R22-1
Added Pin To Net: NetName=VCC Pin=R22-2
Added Pin To Net: NetName=VCC Pin=XP8-3
Added Pin To Net: NetName=GND Pin=XP8-5
Added Pin To Net: NetName=NetDD1_30 Pin=DD1-30
Added Pin To Net: NetName=NetDD1_30 Pin=R23-2
Added Net: Name=NetDD1_30
Added Pin To Net: NetName=NetDD1_31 Pin=DD1-31
Added Pin To Net: NetName=NetDD1_31 Pin=R25-2
Added Net: Name=NetDD1_31
Added Pin To Net: NetName=NetR23_1 Pin=R23-1
Added Pin To Net: NetName=NetR23_1 Pin=XP8-1
Added Net: Name=NetR23_1
Added Pin To Net: NetName=NetR25_1 Pin=R25-1
Added Pin To Net: NetName=NetR25_1 Pin=XP8-2
Added Net: Name=NetR25_1
Added Member To Class: ClassName=PANEL Member=Component C10 1uF
Added Member To Class: ClassName=PANEL Member=Component C11 1uF
Added Member To Class: ClassName=PANEL Member=Component C12 1uF
Added Member To Class: ClassName=PANEL Member=Component R21 10k
Added Member To Class: ClassName=PANEL Member=Component R22 10k
Added Member To Class: ClassName=PANEL Member=Component R23 100
Added Member To Class: ClassName=PANEL Member=Component R25 100
Added Member To Class: ClassName=PANEL Member=Component XP8 CONNECT_2.54_5
