Change Component Comment : Designator=BQ1 Old Comment=8,000M New Comment=8M
Change Component Designator: OldDesignator=C5 NewDesignator=C10
Change Component Designator: OldDesignator=C6 NewDesignator=C11
Change Component Designator: OldDesignator=C7 NewDesignator=C12
Change Component Designator: OldDesignator=C8 NewDesignator=C13
Change Component Designator: OldDesignator=R8 NewDesignator=R9
Change Component Designator: OldDesignator=R9 NewDesignator=R13
Change Component Designator: OldDesignator=R10 NewDesignator=R17
Change Component Designator: OldDesignator=R11 NewDesignator=R18
Change Component Designator: OldDesignator=R12 NewDesignator=R19
Change Component Designator: OldDesignator=R13 NewDesignator=R20
Change Component Designator: OldDesignator=R14 NewDesignator=R22
Change Component Designator: OldDesignator=R15 NewDesignator=R23
Change Component Designator: OldDesignator=R16 NewDesignator=R24
Change Component Designator: OldDesignator=R17 NewDesignator=R25
Change Component Designator: OldDesignator=R18 NewDesignator=R26
Change Component Designator: OldDesignator=R19 NewDesignator=R27
Change Component Designator: OldDesignator=R20 NewDesignator=R28
Change Component Designator: OldDesignator=R21 NewDesignator=R29
Change Component Designator: OldDesignator=R22 NewDesignator=R30
Change Component Designator: OldDesignator=R23 NewDesignator=R31
Change Component Designator: OldDesignator=R24 NewDesignator=R32
Change Component Designator: OldDesignator=R25 NewDesignator=R33
Change Component Designator: OldDesignator=R26 NewDesignator=R34
Change Component Designator: OldDesignator=R27 NewDesignator=R35
Change Component Designator: OldDesignator=VT1 NewDesignator=VT2
Change Component Designator: OldDesignator=XP1 NewDesignator=XP2
Change Component Designator: OldDesignator=XP2 NewDesignator=XP3
Change Component Designator: OldDesignator=XP3 NewDesignator=XP4
Change Component Designator: OldDesignator=XP4 NewDesignator=XP5
Change Component Designator: OldDesignator=XP5 NewDesignator=XP6
Added Component: Designator=C5(Cap_0805)
Added Component: Designator=C6(Cap_0805)
Added Component: Designator=C7(Cap_0805)
Added Component: Designator=C8(Cap_0805)
Added Component: Designator=C9(Cap_0805)
Added Component: Designator=R8(Res_0805)
Added Component: Designator=R10(Res_0805)
Added Component: Designator=R11(Res_0805)
Added Component: Designator=R12(Res_0805)
Added Component: Designator=R14(Res_0805)
Added Component: Designator=R15(Res_0805)
Added Component: Designator=R16(Res_0805)
Added Component: Designator=R21(Res_0805)
Added Component: Designator=SB1(TS A3PV 130)
Added Component: Designator=SB2(TS A3PV 130)
Added Component: Designator=SB3(TS A3PV 130)
Added Component: Designator=SB4(TS A3PV 130)
Added Component: Designator=SB5(TS A3PV 130)
Added Component: Designator=VT1(TO-263)
Added Component: Designator=VT3(SOT-23)
Added Component: Designator=VT4(TO-263)
Added Component: Designator=VT5(SOT-23)
Added Component: Designator=VT6(TO-263)
Added Component: Designator=VT7(TO-263)
Added Component: Designator=XP1(CONN_2.54_4)
Added Component: Designator=XS1(PELTIER)
Added Pin To Net: NetName=GND Pin=C5-2
Added Pin To Net: NetName=GND Pin=C6-2
Added Pin To Net: NetName=GND Pin=C7-2
Added Pin To Net: NetName=GND Pin=C8-2
Added Pin To Net: NetName=GND Pin=C9-2
Added Pin To Net: NetName=GND Pin=R16-2
Added Pin To Net: NetName=GND Pin=R21-1
Added Pin To Net: NetName=GND Pin=SB1-4
Added Pin To Net: NetName=GND Pin=SB2-4
Added Pin To Net: NetName=GND Pin=SB3-4
Added Pin To Net: NetName=GND Pin=SB4-4
Added Pin To Net: NetName=GND Pin=SB5-4
Added Pin To Net: NetName=GND Pin=VT3-2
Added Pin To Net: NetName=GND Pin=VT5-2
Added Pin To Net: NetName=GND Pin=VT7-3
Added Pin To Net: NetName=GND Pin=XP1-3
Added Pin To Net: NetName=GND Pin=XP1-4
Change Net Name : Old Net Name=NetC8_2 New Net Name=NetC13_2
Change Net Name : Old Net Name=NetR8_1 New Net Name=NetR9_1
Change Net Name : Old Net Name=NetR8_2 New Net Name=NetR9_2
Change Net Name : Old Net Name=NetR11_1 New Net Name=NetR18_1
Change Net Name : Old Net Name=NetR12_1 New Net Name=NetR19_1
Change Net Name : Old Net Name=NetR15_1 New Net Name=NetR23_1
Change Net Name : Old Net Name=NetR16_1 New Net Name=NetR24_1
Change Net Name : Old Net Name=NetR17_1 New Net Name=NetR25_1
Change Net Name : Old Net Name=NetR18_1 New Net Name=NetR26_1
Change Net Name : Old Net Name=NetR21_1 New Net Name=NetR29_1
Change Net Name : Old Net Name=NetR22_1 New Net Name=NetR30_1
Change Net Name : Old Net Name=NetR23_1 New Net Name=NetR31_1
Change Net Name : Old Net Name=NetR24_1 New Net Name=NetR32_1
Change Net Name : Old Net Name=NetR25_1 New Net Name=NetR33_1
Added Pin To Net: NetName=NetC5_1 Pin=C5-1
Added Pin To Net: NetName=NetC5_1 Pin=DD1-20
Added Pin To Net: NetName=NetC5_1 Pin=SB4-3
Added Net: Name=NetC5_1
Added Pin To Net: NetName=NetC6_1 Pin=C6-1
Added Pin To Net: NetName=NetC6_1 Pin=DD1-39
Added Pin To Net: NetName=NetC6_1 Pin=SB2-3
Added Net: Name=NetC6_1
Added Pin To Net: NetName=NetC7_1 Pin=C7-1
Added Pin To Net: NetName=NetC7_1 Pin=DD1-40
Added Pin To Net: NetName=NetC7_1 Pin=SB5-3
Added Net: Name=NetC7_1
Added Pin To Net: NetName=NetC8_1 Pin=C8-1
Added Pin To Net: NetName=NetC8_1 Pin=DD1-18
Added Pin To Net: NetName=NetC8_1 Pin=SB3-3
Added Net: Name=NetC8_1
Added Pin To Net: NetName=NetC9_1 Pin=C9-1
Added Pin To Net: NetName=NetC9_1 Pin=DD1-19
Added Pin To Net: NetName=NetC9_1 Pin=SB1-3
Added Net: Name=NetC9_1
Added Pin To Net: NetName=NetDD1_10 Pin=DD1-10
Added Pin To Net: NetName=NetDD1_10 Pin=R15-2
Added Net: Name=NetDD1_10
Added Pin To Net: NetName=NetDD1_11 Pin=DD1-11
Added Pin To Net: NetName=NetDD1_11 Pin=R14-1
Added Net: Name=NetDD1_11
Added Pin To Net: NetName=NetDD1_12 Pin=DD1-12
Added Pin To Net: NetName=NetDD1_12 Pin=R12-1
Added Net: Name=NetDD1_12
Added Pin To Net: NetName=NetDD1_13 Pin=DD1-13
Added Pin To Net: NetName=NetDD1_13 Pin=R10-1
Added Net: Name=NetDD1_13
Added Pin To Net: NetName=NetR8_1 Pin=R8-1
Added Pin To Net: NetName=NetR8_1 Pin=R11-2
Added Pin To Net: NetName=NetR8_1 Pin=VT1-3
Added Pin To Net: NetName=NetR8_1 Pin=VT4-3
Added Pin To Net: NetName=NetR8_1 Pin=XP1-1
Added Pin To Net: NetName=NetR8_1 Pin=XP1-2
Added Net: Name=NetR8_1
Added Pin To Net: NetName=NetR8_2 Pin=R8-2
Added Pin To Net: NetName=NetR8_2 Pin=VT1-1
Added Pin To Net: NetName=NetR8_2 Pin=VT3-3
Added Net: Name=NetR8_2
Added Pin To Net: NetName=NetR10_2 Pin=R10-2
Added Pin To Net: NetName=NetR10_2 Pin=VT3-1
Added Net: Name=NetR10_2
Added Pin To Net: NetName=NetR11_1 Pin=R11-1
Added Pin To Net: NetName=NetR11_1 Pin=VT4-1
Added Pin To Net: NetName=NetR11_1 Pin=VT5-3
Added Net: Name=NetR11_1
Added Pin To Net: NetName=NetR12_2 Pin=R12-2
Added Pin To Net: NetName=NetR12_2 Pin=VT5-1
Added Net: Name=NetR12_2
Added Pin To Net: NetName=NetR14_2 Pin=R14-2
Added Pin To Net: NetName=NetR14_2 Pin=R16-1
Added Pin To Net: NetName=NetR14_2 Pin=VT6-1
Added Net: Name=NetR14_2
Added Pin To Net: NetName=NetR15_1 Pin=R15-1
Added Pin To Net: NetName=NetR15_1 Pin=R21-2
Added Pin To Net: NetName=NetR15_1 Pin=VT7-1
Added Net: Name=NetR15_1
Added Pin To Net: NetName=NetVT1_2 Pin=VT1-2
Added Pin To Net: NetName=NetVT1_2 Pin=VT6-2
Added Pin To Net: NetName=NetVT1_2 Pin=XS1-1
Added Net: Name=NetVT1_2
Added Pin To Net: NetName=NetVT4_2 Pin=VT4-2
Added Pin To Net: NetName=NetVT4_2 Pin=VT7-2
Added Pin To Net: NetName=NetVT4_2 Pin=XS1-2
Added Net: Name=NetVT4_2
Added Member To Class: ClassName=PANEL Member=Component C9 0,01uF
Added Member To Class: ClassName=PANEL Member=Component C10 0.47uF
Added Member To Class: ClassName=PANEL Member=Component C11 0.47uF
Added Member To Class: ClassName=PANEL Member=Component C12 0.47uF
Added Member To Class: ClassName=PANEL Member=Component C13 100
Added Member To Class: ClassName=PANEL Member=Component R23 100
Added Member To Class: ClassName=PANEL Member=Component R25 100
Added Member To Class: ClassName=PANEL Member=Component R28 10k
Added Member To Class: ClassName=PANEL Member=Component R29 1k
Added Member To Class: ClassName=PANEL Member=Component R30 1k
Added Member To Class: ClassName=PANEL Member=Component R31 1k
Added Member To Class: ClassName=PANEL Member=Component R32 10k
Added Member To Class: ClassName=PANEL Member=Component R33 1k
Added Member To Class: ClassName=PANEL Member=Component R34 10k
Added Member To Class: ClassName=PANEL Member=Component R35 10k
Added Member To Class: ClassName=PANEL Member=Component SB1 TS A3PV 130
Added Member To Class: ClassName=PANEL Member=Component SB2 TS A3PV 130
Added Member To Class: ClassName=PANEL Member=Component SB3 TS A3PV 130
Added Member To Class: ClassName=PANEL Member=Component SB4 TS A3PV 130
Added Member To Class: ClassName=PANEL Member=Component SB5 TS A3PV 130
Added Member To Class: ClassName=PANEL Member=Component VT2 IRLML9303
Added Member To Class: ClassName=PANEL Member=Component VT3 N-CHAN_SOT-23
Added Member To Class: ClassName=PANEL Member=Component VT4 IRF4905L
Added Member To Class: ClassName=PANEL Member=Component VT5 N-CHAN_SOT-23
Added Member To Class: ClassName=PANEL Member=Component VT6 N-CHAN_TO-263
Added Member To Class: ClassName=PANEL Member=Component VT7 N-CHAN_TO-263
Added Member To Class: ClassName=PANEL Member=Component XP6 CONNECT_2.54_6_2
Added Member To Class: ClassName=PANEL Member=Component XS1 PELTIER
