Removed Pin From Net: NetName=NetVT4_2 Pin=VT7-4
Added Component: Designator=C14(Cap_0805)
Added Component: Designator=C15(Cap_0805)
Added Component: Designator=DA1(kren)
Added Component: Designator=DA2(kren)
Added Pin To Net: NetName=GND Pin=C14-1
Added Pin To Net: NetName=NetR16_1 Pin=C14-2
Added Pin To Net: NetName=GND Pin=C15-1
Added Pin To Net: NetName=VCC Pin=C15-2
Added Pin To Net: NetName=NetR16_1 Pin=DA1-1
Added Pin To Net: NetName=GND Pin=DA1-2
Added Pin To Net: NetName=NetR15_1 Pin=DA1-3
Added Pin To Net: NetName=VCC Pin=DA2-1
Added Pin To Net: NetName=GND Pin=DA2-2
Added Pin To Net: NetName=NetR15_1 Pin=DA2-3
Change Net Name : Old Net Name=NetR15_1 New Net Name=+12V
Change Net Name : Old Net Name=NetR16_1 New Net Name=NetC14_2
Added Member To Class: ClassName=PANEL Member=Component BQ1 32768
Added Member To Class: ClassName=PANEL Member=Component C14 0.47uF
Added Member To Class: ClassName=PANEL Member=Component C15 0.47uF
Added Member To Class: ClassName=PANEL Member=Component DA1 L78L05
Added Member To Class: ClassName=PANEL Member=Component DA2 L78L03
Added Member To Class: ClassName=PANEL Member=Component R1 100
Added Member To Class: ClassName=PANEL Member=Component R2 100
Added Member To Class: ClassName=PANEL Member=Component R6 100
Added Member To Class: ClassName=PANEL Member=Component XP2 PLD-6
